step 1
2 2 E E
2 2 N E
2 2 S E
4 2 W S
4 2 S S
4 2 E S
4 3 S S
step 2
3 2 E E
2 2 N E
2 2 S E
4 2 W S
4 1 S G
4 2 E S
4 2 S S
step 3
3 2 E E
2 2 N E
2 2 S E
4 2 W S
4 1 G G
4 2 E S
4 1 S G
step 4
3 2 E E
2 2 N E
2 2 S E
4 1 S S
4 1 G G
4 2 E S
4 1 G G
step 5
4 2 E S
2 2 N E
3 2 E E
4 0 S W
4 1 G G
4 1 S G
4 1 G G
step 6
4 1 S G
3 2 E E
4 2 E S
3 0 W W
4 1 G G
4 1 G G
4 1 G G
step 7
4 1 G G
4 2 E S
4 1 S G
2 0 W N
4 1 G G
4 1 G G
4 1 G G
step 8
4 1 G G
4 1 S G
4 1 G G
2 1 N G
4 1 G G
4 1 G G
4 1 G G
step 9
4 1 G G
4 1 G G
4 1 G G
2 1 G G
4 1 G G
4 1 G G
4 1 G G
