step 1
2 2 E E
2 2 N E
2 2 S E
4 2 W S
4 2 S S
4 2 E S
4 3 S S
2 3 S S
step 2
3 2 E E
2 2 N E
2 2 S E
4 2 W S
4 1 S S
4 2 E S
4 2 S S
2 3 S S
step 3
3 2 E E
2 2 N E
2 2 S E
4 2 W S
4 0 S W
4 2 E S
4 1 S S
2 3 S S
step 4
3 2 E E
2 2 N E
2 2 S E
4 1 S S
3 0 W W
4 2 E S
4 0 S W
2 3 S S
step 5
4 2 E S
2 2 N E
3 2 E E
4 0 S W
2 0 W N
4 1 S S
3 0 W W
2 2 S E
step 6
4 1 S S
2 2 N E
4 2 E S
3 0 W W
2 1 N N
4 0 S W
2 0 W N
3 2 E E
step 7
4 0 S W
3 2 E E
4 1 S S
2 0 W N
2 2 N E
3 0 W W
2 1 N N
4 2 E S
step 8
3 0 W W
4 2 E S
4 0 S W
2 1 N N
3 2 E E
2 0 W N
2 2 N E
4 1 S S
step 9
2 0 W N
4 1 S S
3 0 W W
2 2 N E
4 2 E E
2 1 N N
3 2 E E
4 0 S W
step 10
2 1 N N
4 0 S W
2 0 W N
3 2 E E
5 2 E G
2 2 N E
4 2 E E
3 0 W W
step 11
2 2 N E
3 0 W W
2 1 N N
4 2 E E
5 2 G G
3 2 E E
5 2 E G
2 0 W N
step 12
3 2 E E
2 0 W N
2 2 N E
5 2 E G
5 2 G G
4 2 E E
5 2 G G
2 1 N N
step 13
4 2 E E
2 1 N N
3 2 E E
5 2 G G
5 2 G G
5 2 E G
5 2 G G
2 2 N E
step 14
5 2 E G
2 2 N E
4 2 E E
5 2 G G
5 2 G G
5 2 G G
5 2 G G
3 2 E E
step 15
5 2 G G
3 2 E E
5 2 E G
5 2 G G
5 2 G G
5 2 G G
5 2 G G
4 2 E E
step 16
5 2 G G
4 2 E E
5 2 G G
5 2 G G
5 2 G G
5 2 G G
5 2 G G
5 2 E G
step 17
5 2 G G
5 2 E G
5 2 G G
5 2 G G
5 2 G G
5 2 G G
5 2 G G
5 2 G G
step 18
5 2 G G
5 2 G G
5 2 G G
5 2 G G
5 2 G G
5 2 G G
5 2 G G
5 2 G G
